<?xml version="1.0" encoding="UTF-8"?>
<robot generator="Robot 3.2.2 (Python 3.9.0 on darwin)" generated="20201221 22:22:21.261" rpa="false">
<suite id="s1" name="TestCases" source="/Users/swapan.chhabra/PycharmProjects/CasperHealthAssignment/TestCases/tc01_verify_steps_added.robot">
<test id="s1-t1" name="TC01 Verify Steps Added">
<kw name="Launch Application" library="Common_Keywords" type="setup">
<doc>Launching App http://0.0.0.0:4723/wd/hub</doc>
<arguments>
<arg>${remote_url}</arg>
</arguments>
<kw name="Open Application" library="AppiumLibrary">
<doc>Opens a new application to given Appium server.
Capabilities of appium server, Android and iOS,
Please check https://github.com/appium/appium/blob/master/docs/en/writing-running-appium/server-args.md
| *Option*            | *Man.* | *Description*     |
| remote_url          | Yes    | Appium server url |
| alias               | no     | alias             |</doc>
<arguments>
<arg>${remote_url}</arg>
<arg>platformName=${platformname}</arg>
<arg>deviceName=${devicename}</arg>
<arg>appPackage=${apppackage}</arg>
<arg>appActivity=${appactivity}</arg>
<arg>appwaitactivity=${appwaitactivity}</arg>
<arg>automationName=${automationname}</arg>
<arg>noReset=${no_reset}</arg>
</arguments>
<assign>
<var>${app}</var>
</assign>
<msg timestamp="20201221 22:22:31.507" level="INFO">${app} = 1</msg>
<status status="PASS" starttime="20201221 22:22:21.554" endtime="20201221 22:22:31.507"></status>
</kw>
<kw name="Set Suite Variable" library="BuiltIn">
<doc>Makes a variable available everywhere within the scope of the current suite.</doc>
<arguments>
<arg>${App_var}</arg>
<arg>${app}</arg>
</arguments>
<msg timestamp="20201221 22:22:31.509" level="INFO">${App_var} = 1</msg>
<status status="PASS" starttime="20201221 22:22:31.508" endtime="20201221 22:22:31.509"></status>
</kw>
<status status="PASS" starttime="20201221 22:22:21.553" endtime="20201221 22:22:31.509"></status>
</kw>
<kw name="Get Current Step Count">
<assign>
<var>${Current_Steps_Count}</var>
</assign>
<kw name="Wait Until Page Contains Element" library="AppiumLibrary">
<doc>Waits until element specified with `locator` appears on current page.</doc>
<arguments>
<arg>${Steps_Text}</arg>
<arg>30</arg>
</arguments>
<status status="PASS" starttime="20201221 22:22:31.510" endtime="20201221 22:22:35.100"></status>
</kw>
<kw name="Swipe Down" library="Common_Keywords">
<kw name="Swipe" library="AppiumLibrary">
<doc>Swipe from one point to another point, for an optional duration.</doc>
<arguments>
<arg>200</arg>
<arg>1200</arg>
<arg>200</arg>
<arg>400</arg>
<arg>2000</arg>
</arguments>
<status status="PASS" starttime="20201221 22:22:35.101" endtime="20201221 22:22:36.862"></status>
</kw>
<status status="PASS" starttime="20201221 22:22:35.100" endtime="20201221 22:22:36.863"></status>
</kw>
<kw name="Get Text" library="AppiumLibrary">
<doc>Get element text (for hybrid and mobile browser use `xpath` locator, others might cause problem)</doc>
<arguments>
<arg>${Steps_Count}</arg>
</arguments>
<assign>
<var>${current_count}</var>
</assign>
<msg timestamp="20201221 22:22:37.419" level="INFO">Element '//android.widget.TextView[@resource-id="com.casparhealth.android.patient:id/progressTextView"]' text is '12000' </msg>
<msg timestamp="20201221 22:22:37.419" level="INFO">${current_count} = 12000</msg>
<status status="PASS" starttime="20201221 22:22:36.863" endtime="20201221 22:22:37.419"></status>
</kw>
<msg timestamp="20201221 22:22:37.420" level="INFO">${Current_Steps_Count} = 12000</msg>
<status status="PASS" starttime="20201221 22:22:31.509" endtime="20201221 22:22:37.420"></status>
</kw>
<kw name="Add Steps And Save">
<kw name="Wait And Click On Element" library="Common_Keywords">
<doc>Wait till 30 sec and click if element found</doc>
<arguments>
<arg>${Add_Steps_Text}</arg>
</arguments>
<kw name="Wait Until Page Contains Element" library="AppiumLibrary">
<doc>Waits until element specified with `locator` appears on current page.</doc>
<arguments>
<arg>${Element_xpath}</arg>
<arg>30s</arg>
<arg>${error_message} ${Element_xpath}</arg>
</arguments>
<status status="PASS" starttime="20201221 22:22:37.421" endtime="20201221 22:22:37.817"></status>
</kw>
<kw name="Click Element" library="AppiumLibrary">
<doc>Click element identified by `locator`.</doc>
<arguments>
<arg>${Element_xpath}</arg>
</arguments>
<msg timestamp="20201221 22:22:37.820" level="INFO">Clicking element '//android.widget.Button[@text="ADD STEPS"]'.</msg>
<status status="PASS" starttime="20201221 22:22:37.818" endtime="20201221 22:22:38.209"></status>
</kw>
<status status="PASS" starttime="20201221 22:22:37.420" endtime="20201221 22:22:38.209"></status>
</kw>
<kw name="Wait Until Page Contains Element" library="AppiumLibrary">
<doc>Waits until element specified with `locator` appears on current page.</doc>
<arguments>
<arg>${Add_Steps_Header}</arg>
<arg>30</arg>
</arguments>
<status status="PASS" starttime="20201221 22:22:38.209" endtime="20201221 22:22:39.783"></status>
</kw>
<kw name="Input Text" library="AppiumLibrary">
<doc>Types the given `text` into text field identified by `locator`.</doc>
<arguments>
<arg>${Input_Steps}</arg>
<arg>${Steps_Val}</arg>
</arguments>
<msg timestamp="20201221 22:22:39.785" level="INFO">Typing text '500' into text field '//android.widget.EditText[@text="Steps"]'</msg>
<status status="PASS" starttime="20201221 22:22:39.783" endtime="20201221 22:22:40.612"></status>
</kw>
<kw name="Click Element" library="AppiumLibrary">
<doc>Click element identified by `locator`.</doc>
<arguments>
<arg>${Save}</arg>
</arguments>
<msg timestamp="20201221 22:22:40.614" level="INFO">Clicking element '//android.widget.TextView[@text="SAVE"]'.</msg>
<status status="PASS" starttime="20201221 22:22:40.612" endtime="20201221 22:22:41.389"></status>
</kw>
<status status="PASS" starttime="20201221 22:22:37.420" endtime="20201221 22:22:41.389"></status>
</kw>
<kw name="Get Current Step Count">
<assign>
<var>${New_Steps_Count}</var>
</assign>
<kw name="Wait Until Page Contains Element" library="AppiumLibrary">
<doc>Waits until element specified with `locator` appears on current page.</doc>
<arguments>
<arg>${Steps_Text}</arg>
<arg>30</arg>
</arguments>
<status status="PASS" starttime="20201221 22:22:41.390" endtime="20201221 22:22:42.978"></status>
</kw>
<kw name="Swipe Down" library="Common_Keywords">
<kw name="Swipe" library="AppiumLibrary">
<doc>Swipe from one point to another point, for an optional duration.</doc>
<arguments>
<arg>200</arg>
<arg>1200</arg>
<arg>200</arg>
<arg>400</arg>
<arg>2000</arg>
</arguments>
<status status="PASS" starttime="20201221 22:22:42.979" endtime="20201221 22:22:44.816"></status>
</kw>
<status status="PASS" starttime="20201221 22:22:42.978" endtime="20201221 22:22:44.817"></status>
</kw>
<kw name="Get Text" library="AppiumLibrary">
<doc>Get element text (for hybrid and mobile browser use `xpath` locator, others might cause problem)</doc>
<arguments>
<arg>${Steps_Count}</arg>
</arguments>
<assign>
<var>${current_count}</var>
</assign>
<msg timestamp="20201221 22:22:45.149" level="INFO">Element '//android.widget.TextView[@resource-id="com.casparhealth.android.patient:id/progressTextView"]' text is '12500' </msg>
<msg timestamp="20201221 22:22:45.149" level="INFO">${current_count} = 12500</msg>
<status status="PASS" starttime="20201221 22:22:44.817" endtime="20201221 22:22:45.149"></status>
</kw>
<msg timestamp="20201221 22:22:45.150" level="INFO">${New_Steps_Count} = 12500</msg>
<status status="PASS" starttime="20201221 22:22:41.389" endtime="20201221 22:22:45.150"></status>
</kw>
<kw name="Difference" library="Common_Keywords">
<arguments>
<arg>${New_Steps_Count}</arg>
<arg>${Current_Steps_Count}</arg>
</arguments>
<assign>
<var>${expected_steps}</var>
</assign>
<kw name="Convert To Integer" library="BuiltIn">
<doc>Converts the given item to an integer number.</doc>
<arguments>
<arg>${text1}</arg>
</arguments>
<assign>
<var>${val1}</var>
</assign>
<msg timestamp="20201221 22:22:45.151" level="INFO">${val1} = 12500</msg>
<status status="PASS" starttime="20201221 22:22:45.150" endtime="20201221 22:22:45.151"></status>
</kw>
<kw name="Convert To Integer" library="BuiltIn">
<doc>Converts the given item to an integer number.</doc>
<arguments>
<arg>${text2}</arg>
</arguments>
<assign>
<var>${val2}</var>
</assign>
<msg timestamp="20201221 22:22:45.151" level="INFO">${val2} = 12000</msg>
<status status="PASS" starttime="20201221 22:22:45.151" endtime="20201221 22:22:45.151"></status>
</kw>
<kw name="Evaluate" library="BuiltIn">
<doc>Evaluates the given expression in Python and returns the result.</doc>
<arguments>
<arg>${val1} - ${val2}</arg>
</arguments>
<assign>
<var>${diff}</var>
</assign>
<msg timestamp="20201221 22:22:45.152" level="INFO">${diff} = 500</msg>
<status status="PASS" starttime="20201221 22:22:45.151" endtime="20201221 22:22:45.152"></status>
</kw>
<kw name="Convert To String" library="BuiltIn">
<doc>Converts the given item to a Unicode string.</doc>
<arguments>
<arg>${diff}</arg>
</arguments>
<assign>
<var>${diff}</var>
</assign>
<msg timestamp="20201221 22:22:45.152" level="INFO">${diff} = 500</msg>
<status status="PASS" starttime="20201221 22:22:45.152" endtime="20201221 22:22:45.152"></status>
</kw>
<msg timestamp="20201221 22:22:45.153" level="INFO">${expected_steps} = 500</msg>
<status status="PASS" starttime="20201221 22:22:45.150" endtime="20201221 22:22:45.153"></status>
</kw>
<kw name="Should Be Equal" library="BuiltIn">
<doc>Fails if the given objects are unequal.</doc>
<arguments>
<arg>${expected_steps}</arg>
<arg>${steps_val}</arg>
</arguments>
<status status="PASS" starttime="20201221 22:22:45.153" endtime="20201221 22:22:45.153"></status>
</kw>
<kw name="Navigate To Therapy Week Section">
<kw name="Click Element" library="AppiumLibrary">
<doc>Click element identified by `locator`.</doc>
<arguments>
<arg>${Therapy_Week_Tab}</arg>
</arguments>
<msg timestamp="20201221 22:22:45.155" level="INFO">Clicking element '//android.widget.FrameLayout[@resource-id="com.casparhealth.android.patient:id/action_therapy_week"]'.</msg>
<status status="PASS" starttime="20201221 22:22:45.154" endtime="20201221 22:22:45.445"></status>
</kw>
<kw name="Wait Until Page Contains" library="AppiumLibrary">
<doc>Waits until `text` appears on current page.</doc>
<arguments>
<arg>My therapy week</arg>
<arg>30</arg>
</arguments>
<status status="PASS" starttime="20201221 22:22:45.445" endtime="20201221 22:22:45.845"></status>
</kw>
<status status="PASS" starttime="20201221 22:22:45.153" endtime="20201221 22:22:45.845"></status>
</kw>
<kw name="Get Current Step Count">
<assign>
<var>${Weekly_Steps_Count}</var>
</assign>
<kw name="Wait Until Page Contains Element" library="AppiumLibrary">
<doc>Waits until element specified with `locator` appears on current page.</doc>
<arguments>
<arg>${Steps_Text}</arg>
<arg>30</arg>
</arguments>
<status status="PASS" starttime="20201221 22:22:45.846" endtime="20201221 22:22:46.868"></status>
</kw>
<kw name="Swipe Down" library="Common_Keywords">
<kw name="Swipe" library="AppiumLibrary">
<doc>Swipe from one point to another point, for an optional duration.</doc>
<arguments>
<arg>200</arg>
<arg>1200</arg>
<arg>200</arg>
<arg>400</arg>
<arg>2000</arg>
</arguments>
<status status="PASS" starttime="20201221 22:22:46.868" endtime="20201221 22:22:48.698"></status>
</kw>
<status status="PASS" starttime="20201221 22:22:46.868" endtime="20201221 22:22:48.698"></status>
</kw>
<kw name="Get Text" library="AppiumLibrary">
<doc>Get element text (for hybrid and mobile browser use `xpath` locator, others might cause problem)</doc>
<arguments>
<arg>${Steps_Count}</arg>
</arguments>
<assign>
<var>${current_count}</var>
</assign>
<msg timestamp="20201221 22:22:49.007" level="INFO">Element '//android.widget.TextView[@resource-id="com.casparhealth.android.patient:id/progressTextView"]' text is '12500' </msg>
<msg timestamp="20201221 22:22:49.007" level="INFO">${current_count} = 12500</msg>
<status status="PASS" starttime="20201221 22:22:48.698" endtime="20201221 22:22:49.007"></status>
</kw>
<msg timestamp="20201221 22:22:49.008" level="INFO">${Weekly_Steps_Count} = 12500</msg>
<status status="PASS" starttime="20201221 22:22:45.846" endtime="20201221 22:22:49.008"></status>
</kw>
<kw name="Navigate To Step Section">
<kw name="Swipe Down" library="Common_Keywords">
<kw name="Swipe" library="AppiumLibrary">
<doc>Swipe from one point to another point, for an optional duration.</doc>
<arguments>
<arg>200</arg>
<arg>1200</arg>
<arg>200</arg>
<arg>400</arg>
<arg>2000</arg>
</arguments>
<status status="PASS" starttime="20201221 22:22:49.009" endtime="20201221 22:22:50.803"></status>
</kw>
<status status="PASS" starttime="20201221 22:22:49.008" endtime="20201221 22:22:50.803"></status>
</kw>
<kw name="Wait And Click On Element" library="Common_Keywords">
<doc>Wait till 30 sec and click if element found</doc>
<arguments>
<arg>${Steps_Naviagte}</arg>
</arguments>
<kw name="Wait Until Page Contains Element" library="AppiumLibrary">
<doc>Waits until element specified with `locator` appears on current page.</doc>
<arguments>
<arg>${Element_xpath}</arg>
<arg>30s</arg>
<arg>${error_message} ${Element_xpath}</arg>
</arguments>
<status status="PASS" starttime="20201221 22:22:50.805" endtime="20201221 22:22:51.095"></status>
</kw>
<kw name="Click Element" library="AppiumLibrary">
<doc>Click element identified by `locator`.</doc>
<arguments>
<arg>${Element_xpath}</arg>
</arguments>
<msg timestamp="20201221 22:22:51.097" level="INFO">Clicking element '//android.widget.ImageView[@resource-id="com.casparhealth.android.patient:id/steps_arrow"]'.</msg>
<status status="PASS" starttime="20201221 22:22:51.095" endtime="20201221 22:22:51.337"></status>
</kw>
<status status="PASS" starttime="20201221 22:22:50.804" endtime="20201221 22:22:51.337"></status>
</kw>
<status status="PASS" starttime="20201221 22:22:49.008" endtime="20201221 22:22:51.338"></status>
</kw>
<kw name="Add Steps And Save">
<kw name="Wait And Click On Element" library="Common_Keywords">
<doc>Wait till 30 sec and click if element found</doc>
<arguments>
<arg>${Add_Steps_Text}</arg>
</arguments>
<kw name="Wait Until Page Contains Element" library="AppiumLibrary">
<doc>Waits until element specified with `locator` appears on current page.</doc>
<arguments>
<arg>${Element_xpath}</arg>
<arg>30s</arg>
<arg>${error_message} ${Element_xpath}</arg>
</arguments>
<status status="PASS" starttime="20201221 22:22:51.339" endtime="20201221 22:22:52.745"></status>
</kw>
<kw name="Click Element" library="AppiumLibrary">
<doc>Click element identified by `locator`.</doc>
<arguments>
<arg>${Element_xpath}</arg>
</arguments>
<msg timestamp="20201221 22:22:52.747" level="INFO">Clicking element '//android.widget.Button[@text="ADD STEPS"]'.</msg>
<status status="PASS" starttime="20201221 22:22:52.745" endtime="20201221 22:22:52.905"></status>
</kw>
<status status="PASS" starttime="20201221 22:22:51.338" endtime="20201221 22:22:52.905"></status>
</kw>
<kw name="Wait Until Page Contains Element" library="AppiumLibrary">
<doc>Waits until element specified with `locator` appears on current page.</doc>
<arguments>
<arg>${Add_Steps_Header}</arg>
<arg>30</arg>
</arguments>
<status status="PASS" starttime="20201221 22:22:52.906" endtime="20201221 22:22:54.219"></status>
</kw>
<kw name="Input Text" library="AppiumLibrary">
<doc>Types the given `text` into text field identified by `locator`.</doc>
<arguments>
<arg>${Input_Steps}</arg>
<arg>${Steps_Val}</arg>
</arguments>
<msg timestamp="20201221 22:22:54.222" level="INFO">Typing text '500' into text field '//android.widget.EditText[@text="Steps"]'</msg>
<status status="PASS" starttime="20201221 22:22:54.220" endtime="20201221 22:22:54.943"></status>
</kw>
<kw name="Click Element" library="AppiumLibrary">
<doc>Click element identified by `locator`.</doc>
<arguments>
<arg>${Save}</arg>
</arguments>
<msg timestamp="20201221 22:22:54.945" level="INFO">Clicking element '//android.widget.TextView[@text="SAVE"]'.</msg>
<status status="PASS" starttime="20201221 22:22:54.943" endtime="20201221 22:22:55.687"></status>
</kw>
<status status="PASS" starttime="20201221 22:22:51.338" endtime="20201221 22:22:55.687"></status>
</kw>
<kw name="Get Current Step Count">
<assign>
<var>${New_Weekly_Steps_Count}</var>
</assign>
<kw name="Wait Until Page Contains Element" library="AppiumLibrary">
<doc>Waits until element specified with `locator` appears on current page.</doc>
<arguments>
<arg>${Steps_Text}</arg>
<arg>30</arg>
</arguments>
<status status="PASS" starttime="20201221 22:22:55.688" endtime="20201221 22:22:57.045"></status>
</kw>
<kw name="Swipe Down" library="Common_Keywords">
<kw name="Swipe" library="AppiumLibrary">
<doc>Swipe from one point to another point, for an optional duration.</doc>
<arguments>
<arg>200</arg>
<arg>1200</arg>
<arg>200</arg>
<arg>400</arg>
<arg>2000</arg>
</arguments>
<status status="PASS" starttime="20201221 22:22:57.046" endtime="20201221 22:22:58.802"></status>
</kw>
<status status="PASS" starttime="20201221 22:22:57.045" endtime="20201221 22:22:58.803"></status>
</kw>
<kw name="Get Text" library="AppiumLibrary">
<doc>Get element text (for hybrid and mobile browser use `xpath` locator, others might cause problem)</doc>
<arguments>
<arg>${Steps_Count}</arg>
</arguments>
<assign>
<var>${current_count}</var>
</assign>
<msg timestamp="20201221 22:22:59.002" level="INFO">Element '//android.widget.TextView[@resource-id="com.casparhealth.android.patient:id/progressTextView"]' text is '13000' </msg>
<msg timestamp="20201221 22:22:59.003" level="INFO">${current_count} = 13000</msg>
<status status="PASS" starttime="20201221 22:22:58.803" endtime="20201221 22:22:59.003"></status>
</kw>
<msg timestamp="20201221 22:22:59.003" level="INFO">${New_Weekly_Steps_Count} = 13000</msg>
<status status="PASS" starttime="20201221 22:22:55.687" endtime="20201221 22:22:59.003"></status>
</kw>
<kw name="Difference" library="Common_Keywords">
<arguments>
<arg>${New_Weekly_Steps_Count}</arg>
<arg>${Weekly_Steps_Count}</arg>
</arguments>
<assign>
<var>${expected_weekly_steps}</var>
</assign>
<kw name="Convert To Integer" library="BuiltIn">
<doc>Converts the given item to an integer number.</doc>
<arguments>
<arg>${text1}</arg>
</arguments>
<assign>
<var>${val1}</var>
</assign>
<msg timestamp="20201221 22:22:59.004" level="INFO">${val1} = 13000</msg>
<status status="PASS" starttime="20201221 22:22:59.004" endtime="20201221 22:22:59.004"></status>
</kw>
<kw name="Convert To Integer" library="BuiltIn">
<doc>Converts the given item to an integer number.</doc>
<arguments>
<arg>${text2}</arg>
</arguments>
<assign>
<var>${val2}</var>
</assign>
<msg timestamp="20201221 22:22:59.005" level="INFO">${val2} = 12500</msg>
<status status="PASS" starttime="20201221 22:22:59.004" endtime="20201221 22:22:59.005"></status>
</kw>
<kw name="Evaluate" library="BuiltIn">
<doc>Evaluates the given expression in Python and returns the result.</doc>
<arguments>
<arg>${val1} - ${val2}</arg>
</arguments>
<assign>
<var>${diff}</var>
</assign>
<msg timestamp="20201221 22:22:59.005" level="INFO">${diff} = 500</msg>
<status status="PASS" starttime="20201221 22:22:59.005" endtime="20201221 22:22:59.005"></status>
</kw>
<kw name="Convert To String" library="BuiltIn">
<doc>Converts the given item to a Unicode string.</doc>
<arguments>
<arg>${diff}</arg>
</arguments>
<assign>
<var>${diff}</var>
</assign>
<msg timestamp="20201221 22:22:59.005" level="INFO">${diff} = 500</msg>
<status status="PASS" starttime="20201221 22:22:59.005" endtime="20201221 22:22:59.005"></status>
</kw>
<msg timestamp="20201221 22:22:59.006" level="INFO">${expected_weekly_steps} = 500</msg>
<status status="PASS" starttime="20201221 22:22:59.003" endtime="20201221 22:22:59.006"></status>
</kw>
<kw name="Should Be Equal" library="BuiltIn">
<doc>Fails if the given objects are unequal.</doc>
<arguments>
<arg>${expected_weekly_steps}</arg>
<arg>${steps_val}</arg>
</arguments>
<status status="PASS" starttime="20201221 22:22:59.006" endtime="20201221 22:22:59.006"></status>
</kw>
<kw name="Close Application" library="AppiumLibrary" type="teardown">
<doc>Closes the current application and also close webdriver session.</doc>
<status status="PASS" starttime="20201221 22:22:59.006" endtime="20201221 22:22:59.240"></status>
</kw>
<doc>Add Steps And Verify If Added correctly in Home and Weekly Progress</doc>
<status status="PASS" starttime="20201221 22:22:21.552" endtime="20201221 22:22:59.240" critical="yes"></status>
</test>
<status status="PASS" starttime="20201221 22:22:21.262" endtime="20201221 22:22:59.241"></status>
</suite>
<statistics>
<total>
<stat pass="1" fail="0">Critical Tests</stat>
<stat pass="1" fail="0">All Tests</stat>
</total>
<tag>
</tag>
<suite>
<stat pass="1" fail="0" id="s1" name="TestCases">TestCases</stat>
</suite>
</statistics>
<errors>
</errors>
</robot>
