<?xml version="1.0" encoding="UTF-8"?>
<robot generator="Robot 3.2.2 (Python 3.9.0 on darwin)" generated="20201221 22:24:22.862" rpa="false">
<suite id="s1" name="TestCases" source="/Users/swapan.chhabra/PycharmProjects/CasperHealthAssignment/TestCases/tc01_verify_steps_added.robot">
<test id="s1-t1" name="TC01 Verify Steps Added">
<kw name="Launch Application" library="Common_Keywords" type="setup">
<doc>Launching App http://0.0.0.0:4723/wd/hub</doc>
<arguments>
<arg>${remote_url}</arg>
</arguments>
<kw name="Open Application" library="AppiumLibrary">
<doc>Opens a new application to given Appium server.
Capabilities of appium server, Android and iOS,
Please check https://github.com/appium/appium/blob/master/docs/en/writing-running-appium/server-args.md
| *Option*            | *Man.* | *Description*     |
| remote_url          | Yes    | Appium server url |
| alias               | no     | alias             |</doc>
<arguments>
<arg>${remote_url}</arg>
<arg>platformName=${platformname}</arg>
<arg>deviceName=${devicename}</arg>
<arg>appPackage=${apppackage}</arg>
<arg>appActivity=${appactivity}</arg>
<arg>appwaitactivity=${appwaitactivity}</arg>
<arg>automationName=${automationname}</arg>
<arg>noReset=${no_reset}</arg>
</arguments>
<assign>
<var>${app}</var>
</assign>
<msg timestamp="20201221 22:24:32.112" level="INFO">${app} = 1</msg>
<status status="PASS" starttime="20201221 22:24:23.143" endtime="20201221 22:24:32.113"></status>
</kw>
<kw name="Set Suite Variable" library="BuiltIn">
<doc>Makes a variable available everywhere within the scope of the current suite.</doc>
<arguments>
<arg>${App_var}</arg>
<arg>${app}</arg>
</arguments>
<msg timestamp="20201221 22:24:32.114" level="INFO">${App_var} = 1</msg>
<status status="PASS" starttime="20201221 22:24:32.113" endtime="20201221 22:24:32.114"></status>
</kw>
<status status="PASS" starttime="20201221 22:24:23.142" endtime="20201221 22:24:32.114"></status>
</kw>
<kw name="Get Current Step Count">
<assign>
<var>${Current_Steps_Count}</var>
</assign>
<kw name="Wait Until Page Contains Element" library="AppiumLibrary">
<doc>Waits until element specified with `locator` appears on current page.</doc>
<arguments>
<arg>${Steps_Text}</arg>
<arg>30</arg>
</arguments>
<status status="PASS" starttime="20201221 22:24:32.115" endtime="20201221 22:24:35.537"></status>
</kw>
<kw name="Swipe Down" library="Common_Keywords">
<kw name="Swipe" library="AppiumLibrary">
<doc>Swipe from one point to another point, for an optional duration.</doc>
<arguments>
<arg>200</arg>
<arg>1200</arg>
<arg>200</arg>
<arg>400</arg>
<arg>2000</arg>
</arguments>
<status status="PASS" starttime="20201221 22:24:35.538" endtime="20201221 22:24:37.354"></status>
</kw>
<status status="PASS" starttime="20201221 22:24:35.538" endtime="20201221 22:24:37.355"></status>
</kw>
<kw name="Get Text" library="AppiumLibrary">
<doc>Get element text (for hybrid and mobile browser use `xpath` locator, others might cause problem)</doc>
<arguments>
<arg>${Steps_Count}</arg>
</arguments>
<assign>
<var>${current_count}</var>
</assign>
<msg timestamp="20201221 22:24:37.878" level="INFO">Element '//android.widget.TextView[@resource-id="com.casparhealth.android.patient:id/progressTextView"]' text is '13000' </msg>
<msg timestamp="20201221 22:24:37.878" level="INFO">${current_count} = 13000</msg>
<status status="PASS" starttime="20201221 22:24:37.355" endtime="20201221 22:24:37.878"></status>
</kw>
<msg timestamp="20201221 22:24:37.878" level="INFO">${Current_Steps_Count} = 13000</msg>
<status status="PASS" starttime="20201221 22:24:32.114" endtime="20201221 22:24:37.878"></status>
</kw>
<kw name="Add Steps And Save">
<kw name="Wait And Click On Element" library="Common_Keywords">
<doc>Wait till 30 sec and click if element found</doc>
<arguments>
<arg>${Add_Steps_Text}</arg>
</arguments>
<kw name="Wait Until Page Contains Element" library="AppiumLibrary">
<doc>Waits until element specified with `locator` appears on current page.</doc>
<arguments>
<arg>${Element_xpath}</arg>
<arg>30s</arg>
<arg>${error_message} ${Element_xpath}</arg>
</arguments>
<status status="PASS" starttime="20201221 22:24:37.879" endtime="20201221 22:24:38.292"></status>
</kw>
<kw name="Click Element" library="AppiumLibrary">
<doc>Click element identified by `locator`.</doc>
<arguments>
<arg>${Element_xpath}</arg>
</arguments>
<msg timestamp="20201221 22:24:38.295" level="INFO">Clicking element '//android.widget.Button[@text="ADD STEPS"]'.</msg>
<status status="PASS" starttime="20201221 22:24:38.293" endtime="20201221 22:24:38.666"></status>
</kw>
<status status="PASS" starttime="20201221 22:24:37.879" endtime="20201221 22:24:38.667"></status>
</kw>
<kw name="Wait Until Page Contains Element" library="AppiumLibrary">
<doc>Waits until element specified with `locator` appears on current page.</doc>
<arguments>
<arg>${Add_Steps_Header}</arg>
<arg>30</arg>
</arguments>
<status status="PASS" starttime="20201221 22:24:38.667" endtime="20201221 22:24:40.189"></status>
</kw>
<kw name="Input Text" library="AppiumLibrary">
<doc>Types the given `text` into text field identified by `locator`.</doc>
<arguments>
<arg>${Input_Steps}</arg>
<arg>${Steps_Val}</arg>
</arguments>
<msg timestamp="20201221 22:24:40.192" level="INFO">Typing text '500' into text field '//android.widget.EditText[@text="Steps"]'</msg>
<status status="PASS" starttime="20201221 22:24:40.189" endtime="20201221 22:24:40.444"></status>
</kw>
<kw name="Click Element" library="AppiumLibrary">
<doc>Click element identified by `locator`.</doc>
<arguments>
<arg>${Save}</arg>
</arguments>
<msg timestamp="20201221 22:24:40.447" level="INFO">Clicking element '//android.widget.TextView[@text="SAVE"]'.</msg>
<kw name="Capture Page Screenshot" library="AppiumLibrary">
<doc>Takes a screenshot of the current page and embeds it into the log.</doc>
<msg timestamp="20201221 22:24:42.874" level="INFO" html="yes">&lt;/td&gt;&lt;/tr&gt;&lt;tr&gt;&lt;td colspan="3"&gt;&lt;a href="appium-screenshot-1.png"&gt;&lt;img src="appium-screenshot-1.png" width="800px"&gt;&lt;/a&gt;</msg>
<status status="PASS" starttime="20201221 22:24:42.146" endtime="20201221 22:24:42.874"></status>
</kw>
<msg timestamp="20201221 22:24:42.876" level="FAIL">ValueError: Element locator '//android.widget.TextView[@text="SAVE"]' did not match any elements.</msg>
<status status="FAIL" starttime="20201221 22:24:40.445" endtime="20201221 22:24:42.876"></status>
</kw>
<status status="FAIL" starttime="20201221 22:24:37.879" endtime="20201221 22:24:42.877"></status>
</kw>
<kw name="Close Application" library="AppiumLibrary" type="teardown">
<doc>Closes the current application and also close webdriver session.</doc>
<status status="PASS" starttime="20201221 22:24:42.877" endtime="20201221 22:24:43.080"></status>
</kw>
<doc>Add Steps And Verify If Added correctly in Home and Weekly Progress</doc>
<status status="FAIL" starttime="20201221 22:24:23.142" endtime="20201221 22:24:43.080" critical="yes">ValueError: Element locator '//android.widget.TextView[@text="SAVE"]' did not match any elements.</status>
</test>
<status status="FAIL" starttime="20201221 22:24:22.863" endtime="20201221 22:24:43.080"></status>
</suite>
<statistics>
<total>
<stat pass="0" fail="1">Critical Tests</stat>
<stat pass="0" fail="1">All Tests</stat>
</total>
<tag>
</tag>
<suite>
<stat pass="0" fail="1" id="s1" name="TestCases">TestCases</stat>
</suite>
</statistics>
<errors>
</errors>
</robot>
